  pch.cpp
  dllmain.cpp
  SoloDLL_CPP.cpp
E:\Rayatin\SOLO\VS Project\SoloDLL_Sim\SoloDLL_CPP.cpp(298,34): warning C4018:  '<': signed/unsigned mismatch
E:\Rayatin\SOLO\VS Project\SoloDLL_Sim\SoloDLL_CPP.cpp(455,16): warning C4244:  '=': conversion from 'long' to 'unsigned char', possible loss of data
E:\Rayatin\SOLO\VS Project\SoloDLL_Sim\SoloDLL_CPP.cpp(457,16): warning C4244:  '=': conversion from 'long' to 'unsigned char', possible loss of data
E:\Rayatin\SOLO\VS Project\SoloDLL_Sim\SoloDLL_CPP.cpp(492,63): warning C4838:  conversion from 'SOLODLLCPP::CommandMode' to 'unsigned char' requires a narrowing conversion
E:\Rayatin\SOLO\VS Project\SoloDLL_Sim\SoloDLL_CPP.cpp(584,81): warning C4838:  conversion from 'SOLODLLCPP::Action' to 'unsigned char' requires a narrowing conversion
E:\Rayatin\SOLO\VS Project\SoloDLL_Sim\SoloDLL_CPP.cpp(669,66): warning C4838:  conversion from 'SOLODLLCPP::Direction' to 'unsigned char' requires a narrowing conversion
  SoloDLL_Sim.cpp
E:\Rayatin\SOLO\VS Project\SoloDLL_Sim\SoloDLL_CPP.cpp(1541,43): warning C4244:  'return': conversion from 'double' to 'float', possible loss of data
E:\Rayatin\SOLO\VS Project\SoloDLL_Sim\SoloDLL_Sim.cpp(7,1): warning C4273:  '_serialSetup': inconsistent dll linkage
E:\Rayatin\SOLO\VS Project\SoloDLL_Sim\SoloDLL_Sim.h(18,23): message :  see previous definition of '_serialSetup'
E:\Rayatin\SOLO\VS Project\SoloDLL_Sim\SoloDLL_Sim.cpp(12,1): warning C4273:  '_SetDeviceAddress': inconsistent dll linkage
E:\Rayatin\SOLO\VS Project\SoloDLL_Sim\SoloDLL_Sim.h(20,23): message :  see previous definition of '_SetDeviceAddress'
E:\Rayatin\SOLO\VS Project\SoloDLL_Sim\SoloDLL_Sim.cpp(17,1): warning C4273:  '_SetCommandMode': inconsistent dll linkage
E:\Rayatin\SOLO\VS Project\SoloDLL_Sim\SoloDLL_Sim.h(22,23): message :  see previous definition of '_SetCommandMode'
E:\Rayatin\SOLO\VS Project\SoloDLL_Sim\SoloDLL_Sim.cpp(27,1): warning C4273:  '_SetCurrentLimit': inconsistent dll linkage
E:\Rayatin\SOLO\VS Project\SoloDLL_Sim\SoloDLL_Sim.h(24,23): message :  see previous definition of '_SetCurrentLimit'
E:\Rayatin\SOLO\VS Project\SoloDLL_Sim\SoloDLL_Sim.cpp(32,1): warning C4273:  '_SetTorqueReferenceIq': inconsistent dll linkage
E:\Rayatin\SOLO\VS Project\SoloDLL_Sim\SoloDLL_Sim.h(26,23): message :  see previous definition of '_SetTorqueReferenceIq'
E:\Rayatin\SOLO\VS Project\SoloDLL_Sim\SoloDLL_Sim.cpp(37,1): warning C4273:  '_SetSpeedReference': inconsistent dll linkage
E:\Rayatin\SOLO\VS Project\SoloDLL_Sim\SoloDLL_Sim.h(28,23): message :  see previous definition of '_SetSpeedReference'
E:\Rayatin\SOLO\VS Project\SoloDLL_Sim\SoloDLL_Sim.cpp(42,1): warning C4273:  '_SetPowerReference': inconsistent dll linkage
E:\Rayatin\SOLO\VS Project\SoloDLL_Sim\SoloDLL_Sim.h(30,23): message :  see previous definition of '_SetPowerReference'
E:\Rayatin\SOLO\VS Project\SoloDLL_Sim\SoloDLL_Sim.cpp(47,1): warning C4273:  '_MotorParametersIdentification': inconsistent dll linkage
E:\Rayatin\SOLO\VS Project\SoloDLL_Sim\SoloDLL_Sim.h(32,23): message :  see previous definition of '_MotorParametersIdentification'
E:\Rayatin\SOLO\VS Project\SoloDLL_Sim\SoloDLL_Sim.cpp(58,1): warning C4273:  '_EmergencyStop': inconsistent dll linkage
E:\Rayatin\SOLO\VS Project\SoloDLL_Sim\SoloDLL_Sim.h(34,23): message :  see previous definition of '_EmergencyStop'
E:\Rayatin\SOLO\VS Project\SoloDLL_Sim\SoloDLL_Sim.cpp(63,1): warning C4273:  '_SetOutputPwmFrequencyKhz': inconsistent dll linkage
E:\Rayatin\SOLO\VS Project\SoloDLL_Sim\SoloDLL_Sim.h(36,23): message :  see previous definition of '_SetOutputPwmFrequencyKhz'
E:\Rayatin\SOLO\VS Project\SoloDLL_Sim\SoloDLL_Sim.cpp(68,1): warning C4273:  '_SetSpeedControllerKp': inconsistent dll linkage
E:\Rayatin\SOLO\VS Project\SoloDLL_Sim\SoloDLL_Sim.h(38,23): message :  see previous definition of '_SetSpeedControllerKp'
E:\Rayatin\SOLO\VS Project\SoloDLL_Sim\SoloDLL_Sim.cpp(73,1): warning C4273:  '_SetSpeedControllerKi': inconsistent dll linkage
E:\Rayatin\SOLO\VS Project\SoloDLL_Sim\SoloDLL_Sim.h(40,23): message :  see previous definition of '_SetSpeedControllerKi'
E:\Rayatin\SOLO\VS Project\SoloDLL_Sim\SoloDLL_Sim.cpp(78,1): warning C4273:  '_SetMotorDirection': inconsistent dll linkage
E:\Rayatin\SOLO\VS Project\SoloDLL_Sim\SoloDLL_Sim.h(42,23): message :  see previous definition of '_SetMotorDirection'
E:\Rayatin\SOLO\VS Project\SoloDLL_Sim\SoloDLL_Sim.cpp(89,1): warning C4273:  '_SetMotorResistance': inconsistent dll linkage
E:\Rayatin\SOLO\VS Project\SoloDLL_Sim\SoloDLL_Sim.h(44,23): message :  see previous definition of '_SetMotorResistance'
E:\Rayatin\SOLO\VS Project\SoloDLL_Sim\SoloDLL_Sim.cpp(94,1): warning C4273:  '_SetMotorInductance': inconsistent dll linkage
E:\Rayatin\SOLO\VS Project\SoloDLL_Sim\SoloDLL_Sim.h(46,23): message :  see previous definition of '_SetMotorInductance'
E:\Rayatin\SOLO\VS Project\SoloDLL_Sim\SoloDLL_Sim.cpp(99,1): warning C4273:  '_SetMotorPolesCounts': inconsistent dll linkage
E:\Rayatin\SOLO\VS Project\SoloDLL_Sim\SoloDLL_Sim.h(48,23): message :  see previous definition of '_SetMotorPolesCounts'
E:\Rayatin\SOLO\VS Project\SoloDLL_Sim\SoloDLL_Sim.cpp(104,1): warning C4273:  '_SetIncrementalEncoderLines': inconsistent dll linkage
E:\Rayatin\SOLO\VS Project\SoloDLL_Sim\SoloDLL_Sim.h(50,23): message :  see previous definition of '_SetIncrementalEncoderLines'
E:\Rayatin\SOLO\VS Project\SoloDLL_Sim\SoloDLL_Sim.cpp(109,1): warning C4273:  '_SetSpeedLimit': inconsistent dll linkage
E:\Rayatin\SOLO\VS Project\SoloDLL_Sim\SoloDLL_Sim.h(52,23): message :  see previous definition of '_SetSpeedLimit'
E:\Rayatin\SOLO\VS Project\SoloDLL_Sim\SoloDLL_Sim.cpp(114,1): warning C4273:  '_ResetDeviceAddress': inconsistent dll linkage
E:\Rayatin\SOLO\VS Project\SoloDLL_Sim\SoloDLL_Sim.h(54,23): message :  see previous definition of '_ResetDeviceAddress'
E:\Rayatin\SOLO\VS Project\SoloDLL_Sim\SoloDLL_Sim.cpp(119,1): warning C4273:  '_SetFeedbackControlMode': inconsistent dll linkage
E:\Rayatin\SOLO\VS Project\SoloDLL_Sim\SoloDLL_Sim.h(56,23): message :  see previous definition of '_SetFeedbackControlMode'
E:\Rayatin\SOLO\VS Project\SoloDLL_Sim\SoloDLL_Sim.cpp(141,1): warning C4273:  '_ResetFactory': inconsistent dll linkage
E:\Rayatin\SOLO\VS Project\SoloDLL_Sim\SoloDLL_Sim.h(58,23): message :  see previous definition of '_ResetFactory'
E:\Rayatin\SOLO\VS Project\SoloDLL_Sim\SoloDLL_Sim.cpp(146,1): warning C4273:  '_SetMotorType': inconsistent dll linkage
E:\Rayatin\SOLO\VS Project\SoloDLL_Sim\SoloDLL_Sim.h(60,23): message :  see previous definition of '_SetMotorType'
E:\Rayatin\SOLO\VS Project\SoloDLL_Sim\SoloDLL_Sim.cpp(171,1): warning C4273:  '_SetControlMode': inconsistent dll linkage
E:\Rayatin\SOLO\VS Project\SoloDLL_Sim\SoloDLL_Sim.h(62,23): message :  see previous definition of '_SetControlMode'
E:\Rayatin\SOLO\VS Project\SoloDLL_Sim\SoloDLL_Sim.cpp(193,1): warning C4273:  '_SetCurrentControllerKp': inconsistent dll linkage
E:\Rayatin\SOLO\VS Project\SoloDLL_Sim\SoloDLL_Sim.h(64,23): message :  see previous definition of '_SetCurrentControllerKp'
E:\Rayatin\SOLO\VS Project\SoloDLL_Sim\SoloDLL_Sim.cpp(198,1): warning C4273:  '_SetCurrentControllerKi': inconsistent dll linkage
E:\Rayatin\SOLO\VS Project\SoloDLL_Sim\SoloDLL_Sim.h(66,23): message :  see previous definition of '_SetCurrentControllerKi'
E:\Rayatin\SOLO\VS Project\SoloDLL_Sim\SoloDLL_Sim.cpp(203,1): warning C4273:  '_SetMonitoringMode': inconsistent dll linkage
E:\Rayatin\SOLO\VS Project\SoloDLL_Sim\SoloDLL_Sim.h(68,23): message :  see previous definition of '_SetMonitoringMode'
E:\Rayatin\SOLO\VS Project\SoloDLL_Sim\SoloDLL_Sim.cpp(208,1): warning C4273:  '_SetMagnetizingCurrentIdReference': inconsistent dll linkage
E:\Rayatin\SOLO\VS Project\SoloDLL_Sim\SoloDLL_Sim.h(70,23): message :  see previous definition of '_SetMagnetizingCurrentIdReference'
E:\Rayatin\SOLO\VS Project\SoloDLL_Sim\SoloDLL_Sim.cpp(213,1): warning C4273:  '_SetPositionReference': inconsistent dll linkage
E:\Rayatin\SOLO\VS Project\SoloDLL_Sim\SoloDLL_Sim.h(72,23): message :  see previous definition of '_SetPositionReference'
E:\Rayatin\SOLO\VS Project\SoloDLL_Sim\SoloDLL_Sim.cpp(218,1): warning C4273:  '_SetPositionControllerKp': inconsistent dll linkage
E:\Rayatin\SOLO\VS Project\SoloDLL_Sim\SoloDLL_Sim.h(74,23): message :  see previous definition of '_SetPositionControllerKp'
E:\Rayatin\SOLO\VS Project\SoloDLL_Sim\SoloDLL_Sim.cpp(223,1): warning C4273:  '_SetPositionControllerKi': inconsistent dll linkage
E:\Rayatin\SOLO\VS Project\SoloDLL_Sim\SoloDLL_Sim.h(76,23): message :  see previous definition of '_SetPositionControllerKi'
E:\Rayatin\SOLO\VS Project\SoloDLL_Sim\SoloDLL_Sim.cpp(228,1): warning C4273:  '_ResetPositionToZero': inconsistent dll linkage
E:\Rayatin\SOLO\VS Project\SoloDLL_Sim\SoloDLL_Sim.h(78,23): message :  see previous definition of '_ResetPositionToZero'
E:\Rayatin\SOLO\VS Project\SoloDLL_Sim\SoloDLL_Sim.cpp(233,1): warning C4273:  '_OverwriteErrorRegister': inconsistent dll linkage
E:\Rayatin\SOLO\VS Project\SoloDLL_Sim\SoloDLL_Sim.h(80,23): message :  see previous definition of '_OverwriteErrorRegister'
E:\Rayatin\SOLO\VS Project\SoloDLL_Sim\SoloDLL_Sim.cpp(238,1): warning C4273:  '_SetObserverGainBldcPmsm': inconsistent dll linkage
E:\Rayatin\SOLO\VS Project\SoloDLL_Sim\SoloDLL_Sim.h(82,23): message :  see previous definition of '_SetObserverGainBldcPmsm'
E:\Rayatin\SOLO\VS Project\SoloDLL_Sim\SoloDLL_Sim.cpp(243,1): warning C4273:  '_SetObserverGainBldcPmsmUltrafast': inconsistent dll linkage
E:\Rayatin\SOLO\VS Project\SoloDLL_Sim\SoloDLL_Sim.h(84,23): message :  see previous definition of '_SetObserverGainBldcPmsmUltrafast'
E:\Rayatin\SOLO\VS Project\SoloDLL_Sim\SoloDLL_Sim.cpp(248,1): warning C4273:  '_SetObserverGainDc': inconsistent dll linkage
E:\Rayatin\SOLO\VS Project\SoloDLL_Sim\SoloDLL_Sim.h(86,23): message :  see previous definition of '_SetObserverGainDc'
E:\Rayatin\SOLO\VS Project\SoloDLL_Sim\SoloDLL_Sim.cpp(253,1): warning C4273:  '_SetFilterGainBldcPmsm': inconsistent dll linkage
E:\Rayatin\SOLO\VS Project\SoloDLL_Sim\SoloDLL_Sim.h(88,23): message :  see previous definition of '_SetFilterGainBldcPmsm'
E:\Rayatin\SOLO\VS Project\SoloDLL_Sim\SoloDLL_Sim.cpp(258,1): warning C4273:  '_SetFilterGainBldcPmsmUltrafast': inconsistent dll linkage
E:\Rayatin\SOLO\VS Project\SoloDLL_Sim\SoloDLL_Sim.h(90,23): message :  see previous definition of '_SetFilterGainBldcPmsmUltrafast'
E:\Rayatin\SOLO\VS Project\SoloDLL_Sim\SoloDLL_Sim.cpp(263,1): warning C4273:  '_SetUartBaudrate': inconsistent dll linkage
E:\Rayatin\SOLO\VS Project\SoloDLL_Sim\SoloDLL_Sim.h(92,23): message :  see previous definition of '_SetUartBaudrate'
E:\Rayatin\SOLO\VS Project\SoloDLL_Sim\SoloDLL_Sim.cpp(274,1): warning C4273:  '_SensorCalibration': inconsistent dll linkage
E:\Rayatin\SOLO\VS Project\SoloDLL_Sim\SoloDLL_Sim.h(94,23): message :  see previous definition of '_SensorCalibration'
E:\Rayatin\SOLO\VS Project\SoloDLL_Sim\SoloDLL_Sim.cpp(296,1): warning C4273:  '_SetEncoderHallCcwOffset': inconsistent dll linkage
E:\Rayatin\SOLO\VS Project\SoloDLL_Sim\SoloDLL_Sim.h(96,23): message :  see previous definition of '_SetEncoderHallCcwOffset'
E:\Rayatin\SOLO\VS Project\SoloDLL_Sim\SoloDLL_Sim.cpp(301,1): warning C4273:  '_SetEncoderHallCwOffset': inconsistent dll linkage
E:\Rayatin\SOLO\VS Project\SoloDLL_Sim\SoloDLL_Sim.h(98,23): message :  see previous definition of '_SetEncoderHallCwOffset'
E:\Rayatin\SOLO\VS Project\SoloDLL_Sim\SoloDLL_Sim.cpp(306,1): warning C4273:  '_SetSpeedAccelerationValue': inconsistent dll linkage
E:\Rayatin\SOLO\VS Project\SoloDLL_Sim\SoloDLL_Sim.h(100,23): message :  see previous definition of '_SetSpeedAccelerationValue'
E:\Rayatin\SOLO\VS Project\SoloDLL_Sim\SoloDLL_Sim.cpp(311,1): warning C4273:  '_SetSpeedDecelerationValue': inconsistent dll linkage
E:\Rayatin\SOLO\VS Project\SoloDLL_Sim\SoloDLL_Sim.h(102,23): message :  see previous definition of '_SetSpeedDecelerationValue'
E:\Rayatin\SOLO\VS Project\SoloDLL_Sim\SoloDLL_Sim.cpp(316,1): warning C4273:  '_SetCanbusBoudrate': inconsistent dll linkage
E:\Rayatin\SOLO\VS Project\SoloDLL_Sim\SoloDLL_Sim.h(104,23): message :  see previous definition of '_SetCanbusBoudrate'
E:\Rayatin\SOLO\VS Project\SoloDLL_Sim\SoloDLL_Sim.cpp(344,1): warning C4273:  '_GetDeviceAddress': inconsistent dll linkage
E:\Rayatin\SOLO\VS Project\SoloDLL_Sim\SoloDLL_Sim.h(108,24): message :  see previous definition of '_GetDeviceAddress'
E:\Rayatin\SOLO\VS Project\SoloDLL_Sim\SoloDLL_Sim.cpp(349,1): warning C4273:  '_GetPhaseAVoltage': inconsistent dll linkage
E:\Rayatin\SOLO\VS Project\SoloDLL_Sim\SoloDLL_Sim.h(110,24): message :  see previous definition of '_GetPhaseAVoltage'
E:\Rayatin\SOLO\VS Project\SoloDLL_Sim\SoloDLL_Sim.cpp(354,1): warning C4273:  '_GetPhaseBVoltage': inconsistent dll linkage
E:\Rayatin\SOLO\VS Project\SoloDLL_Sim\SoloDLL_Sim.h(112,24): message :  see previous definition of '_GetPhaseBVoltage'
E:\Rayatin\SOLO\VS Project\SoloDLL_Sim\SoloDLL_Sim.cpp(359,1): warning C4273:  '_GetPhaseACurrent': inconsistent dll linkage
E:\Rayatin\SOLO\VS Project\SoloDLL_Sim\SoloDLL_Sim.h(114,24): message :  see previous definition of '_GetPhaseACurrent'
E:\Rayatin\SOLO\VS Project\SoloDLL_Sim\SoloDLL_Sim.cpp(364,1): warning C4273:  '_GetPhaseBCurrent': inconsistent dll linkage
E:\Rayatin\SOLO\VS Project\SoloDLL_Sim\SoloDLL_Sim.h(116,24): message :  see previous definition of '_GetPhaseBCurrent'
E:\Rayatin\SOLO\VS Project\SoloDLL_Sim\SoloDLL_Sim.cpp(369,1): warning C4273:  '_GetBusVoltage': inconsistent dll linkage
E:\Rayatin\SOLO\VS Project\SoloDLL_Sim\SoloDLL_Sim.h(118,24): message :  see previous definition of '_GetBusVoltage'
E:\Rayatin\SOLO\VS Project\SoloDLL_Sim\SoloDLL_Sim.cpp(374,1): warning C4273:  '_GetDcMotorCurrentIm': inconsistent dll linkage
E:\Rayatin\SOLO\VS Project\SoloDLL_Sim\SoloDLL_Sim.h(120,24): message :  see previous definition of '_GetDcMotorCurrentIm'
E:\Rayatin\SOLO\VS Project\SoloDLL_Sim\SoloDLL_Sim.cpp(379,1): warning C4273:  '_GetDcMotorVoltageVm': inconsistent dll linkage
E:\Rayatin\SOLO\VS Project\SoloDLL_Sim\SoloDLL_Sim.h(122,24): message :  see previous definition of '_GetDcMotorVoltageVm'
E:\Rayatin\SOLO\VS Project\SoloDLL_Sim\SoloDLL_Sim.cpp(384,1): warning C4273:  '_GetSpeedControllerKp': inconsistent dll linkage
E:\Rayatin\SOLO\VS Project\SoloDLL_Sim\SoloDLL_Sim.h(124,24): message :  see previous definition of '_GetSpeedControllerKp'
E:\Rayatin\SOLO\VS Project\SoloDLL_Sim\SoloDLL_Sim.cpp(389,1): warning C4273:  '_GetSpeedControllerKi': inconsistent dll linkage
E:\Rayatin\SOLO\VS Project\SoloDLL_Sim\SoloDLL_Sim.h(126,24): message :  see previous definition of '_GetSpeedControllerKi'
E:\Rayatin\SOLO\VS Project\SoloDLL_Sim\SoloDLL_Sim.cpp(394,1): warning C4273:  '_GetOutputPwmFrequencyKhz': inconsistent dll linkage
E:\Rayatin\SOLO\VS Project\SoloDLL_Sim\SoloDLL_Sim.h(128,24): message :  see previous definition of '_GetOutputPwmFrequencyKhz'
E:\Rayatin\SOLO\VS Project\SoloDLL_Sim\SoloDLL_Sim.cpp(399,1): warning C4273:  '_GetCurrentLimit': inconsistent dll linkage
E:\Rayatin\SOLO\VS Project\SoloDLL_Sim\SoloDLL_Sim.h(106,24): message :  see previous definition of '_GetCurrentLimit'
E:\Rayatin\SOLO\VS Project\SoloDLL_Sim\SoloDLL_Sim.cpp(404,1): warning C4273:  '_GetQuadratureCurrentIqFeedback': inconsistent dll linkage
E:\Rayatin\SOLO\VS Project\SoloDLL_Sim\SoloDLL_Sim.h(132,24): message :  see previous definition of '_GetQuadratureCurrentIqFeedback'
E:\Rayatin\SOLO\VS Project\SoloDLL_Sim\SoloDLL_Sim.cpp(409,1): warning C4273:  '_GetMagnetizingCurrentIdFeedback': inconsistent dll linkage
E:\Rayatin\SOLO\VS Project\SoloDLL_Sim\SoloDLL_Sim.h(134,24): message :  see previous definition of '_GetMagnetizingCurrentIdFeedback'
E:\Rayatin\SOLO\VS Project\SoloDLL_Sim\SoloDLL_Sim.cpp(414,1): warning C4273:  '_GetMotorPolesCounts': inconsistent dll linkage
E:\Rayatin\SOLO\VS Project\SoloDLL_Sim\SoloDLL_Sim.h(136,24): message :  see previous definition of '_GetMotorPolesCounts'
E:\Rayatin\SOLO\VS Project\SoloDLL_Sim\SoloDLL_Sim.cpp(419,1): warning C4273:  '_GetIncrementalEncoderLines': inconsistent dll linkage
E:\Rayatin\SOLO\VS Project\SoloDLL_Sim\SoloDLL_Sim.h(138,24): message :  see previous definition of '_GetIncrementalEncoderLines'
E:\Rayatin\SOLO\VS Project\SoloDLL_Sim\SoloDLL_Sim.cpp(424,1): warning C4273:  '_GetCurrentControllerKp': inconsistent dll linkage
E:\Rayatin\SOLO\VS Project\SoloDLL_Sim\SoloDLL_Sim.h(140,24): message :  see previous definition of '_GetCurrentControllerKp'
E:\Rayatin\SOLO\VS Project\SoloDLL_Sim\SoloDLL_Sim.cpp(429,1): warning C4273:  '_GetCurrentControllerKi': inconsistent dll linkage
E:\Rayatin\SOLO\VS Project\SoloDLL_Sim\SoloDLL_Sim.h(142,24): message :  see previous definition of '_GetCurrentControllerKi'
E:\Rayatin\SOLO\VS Project\SoloDLL_Sim\SoloDLL_Sim.cpp(434,1): warning C4273:  '_GetBoardTemperature': inconsistent dll linkage
E:\Rayatin\SOLO\VS Project\SoloDLL_Sim\SoloDLL_Sim.h(144,24): message :  see previous definition of '_GetBoardTemperature'
E:\Rayatin\SOLO\VS Project\SoloDLL_Sim\SoloDLL_Sim.cpp(439,1): warning C4273:  '_GetMotorResistance': inconsistent dll linkage
E:\Rayatin\SOLO\VS Project\SoloDLL_Sim\SoloDLL_Sim.h(146,24): message :  see previous definition of '_GetMotorResistance'
E:\Rayatin\SOLO\VS Project\SoloDLL_Sim\SoloDLL_Sim.cpp(444,1): warning C4273:  '_GetMotorInductance': inconsistent dll linkage
E:\Rayatin\SOLO\VS Project\SoloDLL_Sim\SoloDLL_Sim.h(148,24): message :  see previous definition of '_GetMotorInductance'
E:\Rayatin\SOLO\VS Project\SoloDLL_Sim\SoloDLL_Sim.cpp(449,1): warning C4273:  '_GetSpeedFeedback': inconsistent dll linkage
E:\Rayatin\SOLO\VS Project\SoloDLL_Sim\SoloDLL_Sim.h(150,24): message :  see previous definition of '_GetSpeedFeedback'
E:\Rayatin\SOLO\VS Project\SoloDLL_Sim\SoloDLL_Sim.cpp(454,1): warning C4273:  '_GetMotorType': inconsistent dll linkage
E:\Rayatin\SOLO\VS Project\SoloDLL_Sim\SoloDLL_Sim.h(152,24): message :  see previous definition of '_GetMotorType'
E:\Rayatin\SOLO\VS Project\SoloDLL_Sim\SoloDLL_Sim.cpp(459,1): warning C4273:  '_GetFeedbackControlMode': inconsistent dll linkage
E:\Rayatin\SOLO\VS Project\SoloDLL_Sim\SoloDLL_Sim.h(154,24): message :  see previous definition of '_GetFeedbackControlMode'
E:\Rayatin\SOLO\VS Project\SoloDLL_Sim\SoloDLL_Sim.cpp(464,1): warning C4273:  '_GetCommandMode': inconsistent dll linkage
E:\Rayatin\SOLO\VS Project\SoloDLL_Sim\SoloDLL_Sim.h(156,24): message :  see previous definition of '_GetCommandMode'
E:\Rayatin\SOLO\VS Project\SoloDLL_Sim\SoloDLL_Sim.cpp(469,1): warning C4273:  '_GetControlMode': inconsistent dll linkage
E:\Rayatin\SOLO\VS Project\SoloDLL_Sim\SoloDLL_Sim.h(158,24): message :  see previous definition of '_GetControlMode'
E:\Rayatin\SOLO\VS Project\SoloDLL_Sim\SoloDLL_Sim.cpp(474,1): warning C4273:  '_GetSpeedLimit': inconsistent dll linkage
E:\Rayatin\SOLO\VS Project\SoloDLL_Sim\SoloDLL_Sim.h(160,24): message :  see previous definition of '_GetSpeedLimit'
E:\Rayatin\SOLO\VS Project\SoloDLL_Sim\SoloDLL_Sim.cpp(479,1): warning C4273:  '_GetPositionControllerKp': inconsistent dll linkage
E:\Rayatin\SOLO\VS Project\SoloDLL_Sim\SoloDLL_Sim.h(162,24): message :  see previous definition of '_GetPositionControllerKp'
E:\Rayatin\SOLO\VS Project\SoloDLL_Sim\SoloDLL_Sim.cpp(484,1): warning C4273:  '_GetPositionControllerKi': inconsistent dll linkage
E:\Rayatin\SOLO\VS Project\SoloDLL_Sim\SoloDLL_Sim.h(164,24): message :  see previous definition of '_GetPositionControllerKi'
E:\Rayatin\SOLO\VS Project\SoloDLL_Sim\SoloDLL_Sim.cpp(489,1): warning C4273:  '_GetPositionCountsFeedback': inconsistent dll linkage
E:\Rayatin\SOLO\VS Project\SoloDLL_Sim\SoloDLL_Sim.h(166,24): message :  see previous definition of '_GetPositionCountsFeedback'
E:\Rayatin\SOLO\VS Project\SoloDLL_Sim\SoloDLL_Sim.cpp(494,1): warning C4273:  '_GetErrorRegister': inconsistent dll linkage
E:\Rayatin\SOLO\VS Project\SoloDLL_Sim\SoloDLL_Sim.h(168,24): message :  see previous definition of '_GetErrorRegister'
E:\Rayatin\SOLO\VS Project\SoloDLL_Sim\SoloDLL_Sim.cpp(499,1): warning C4273:  '_GetDeviceFirmwareVersion': inconsistent dll linkage
E:\Rayatin\SOLO\VS Project\SoloDLL_Sim\SoloDLL_Sim.h(170,24): message :  see previous definition of '_GetDeviceFirmwareVersion'
E:\Rayatin\SOLO\VS Project\SoloDLL_Sim\SoloDLL_Sim.cpp(504,1): warning C4273:  '_GetDeviceHardwareVersion': inconsistent dll linkage
E:\Rayatin\SOLO\VS Project\SoloDLL_Sim\SoloDLL_Sim.h(172,24): message :  see previous definition of '_GetDeviceHardwareVersion'
E:\Rayatin\SOLO\VS Project\SoloDLL_Sim\SoloDLL_Sim.cpp(509,1): warning C4273:  '_GetTorqueReferenceIq': inconsistent dll linkage
E:\Rayatin\SOLO\VS Project\SoloDLL_Sim\SoloDLL_Sim.h(174,24): message :  see previous definition of '_GetTorqueReferenceIq'
E:\Rayatin\SOLO\VS Project\SoloDLL_Sim\SoloDLL_Sim.cpp(514,1): warning C4273:  '_GetSpeedReference': inconsistent dll linkage
E:\Rayatin\SOLO\VS Project\SoloDLL_Sim\SoloDLL_Sim.h(176,24): message :  see previous definition of '_GetSpeedReference'
E:\Rayatin\SOLO\VS Project\SoloDLL_Sim\SoloDLL_Sim.cpp(519,1): warning C4273:  '_GetMagnetizingCurrentIdReference': inconsistent dll linkage
E:\Rayatin\SOLO\VS Project\SoloDLL_Sim\SoloDLL_Sim.h(178,24): message :  see previous definition of '_GetMagnetizingCurrentIdReference'
E:\Rayatin\SOLO\VS Project\SoloDLL_Sim\SoloDLL_Sim.cpp(524,1): warning C4273:  '_GetPositionReference': inconsistent dll linkage
E:\Rayatin\SOLO\VS Project\SoloDLL_Sim\SoloDLL_Sim.h(180,24): message :  see previous definition of '_GetPositionReference'
E:\Rayatin\SOLO\VS Project\SoloDLL_Sim\SoloDLL_Sim.cpp(529,1): warning C4273:  '_GetPowerReference': inconsistent dll linkage
E:\Rayatin\SOLO\VS Project\SoloDLL_Sim\SoloDLL_Sim.h(182,24): message :  see previous definition of '_GetPowerReference'
E:\Rayatin\SOLO\VS Project\SoloDLL_Sim\SoloDLL_Sim.cpp(534,1): warning C4273:  '_GetMotorDirection': inconsistent dll linkage
E:\Rayatin\SOLO\VS Project\SoloDLL_Sim\SoloDLL_Sim.h(184,24): message :  see previous definition of '_GetMotorDirection'
E:\Rayatin\SOLO\VS Project\SoloDLL_Sim\SoloDLL_Sim.cpp(539,1): warning C4273:  '_GetObserverGainBldcPmsm': inconsistent dll linkage
E:\Rayatin\SOLO\VS Project\SoloDLL_Sim\SoloDLL_Sim.h(186,24): message :  see previous definition of '_GetObserverGainBldcPmsm'
E:\Rayatin\SOLO\VS Project\SoloDLL_Sim\SoloDLL_Sim.cpp(544,1): warning C4273:  '_GetObserverGainBldcPmsmUltrafast': inconsistent dll linkage
E:\Rayatin\SOLO\VS Project\SoloDLL_Sim\SoloDLL_Sim.h(188,24): message :  see previous definition of '_GetObserverGainBldcPmsmUltrafast'
E:\Rayatin\SOLO\VS Project\SoloDLL_Sim\SoloDLL_Sim.cpp(549,1): warning C4273:  '_GetObserverGainDc': inconsistent dll linkage
E:\Rayatin\SOLO\VS Project\SoloDLL_Sim\SoloDLL_Sim.h(190,24): message :  see previous definition of '_GetObserverGainDc'
E:\Rayatin\SOLO\VS Project\SoloDLL_Sim\SoloDLL_Sim.cpp(554,1): warning C4273:  '_GetFilterGainBldcPmsm': inconsistent dll linkage
E:\Rayatin\SOLO\VS Project\SoloDLL_Sim\SoloDLL_Sim.h(192,24): message :  see previous definition of '_GetFilterGainBldcPmsm'
E:\Rayatin\SOLO\VS Project\SoloDLL_Sim\SoloDLL_Sim.cpp(559,1): warning C4273:  '_GetFilterGainBldcPmsmUltrafast': inconsistent dll linkage
E:\Rayatin\SOLO\VS Project\SoloDLL_Sim\SoloDLL_Sim.h(194,24): message :  see previous definition of '_GetFilterGainBldcPmsmUltrafast'
E:\Rayatin\SOLO\VS Project\SoloDLL_Sim\SoloDLL_Sim.cpp(564,1): warning C4273:  '_Get3PhaseMotorAngle': inconsistent dll linkage
E:\Rayatin\SOLO\VS Project\SoloDLL_Sim\SoloDLL_Sim.h(196,24): message :  see previous definition of '_Get3PhaseMotorAngle'
E:\Rayatin\SOLO\VS Project\SoloDLL_Sim\SoloDLL_Sim.cpp(569,1): warning C4273:  '_GetEncoderHallCcwOffset': inconsistent dll linkage
E:\Rayatin\SOLO\VS Project\SoloDLL_Sim\SoloDLL_Sim.h(198,24): message :  see previous definition of '_GetEncoderHallCcwOffset'
E:\Rayatin\SOLO\VS Project\SoloDLL_Sim\SoloDLL_Sim.cpp(574,1): warning C4273:  '_GetEncoderHallCwOffset': inconsistent dll linkage
E:\Rayatin\SOLO\VS Project\SoloDLL_Sim\SoloDLL_Sim.h(200,24): message :  see previous definition of '_GetEncoderHallCwOffset'
E:\Rayatin\SOLO\VS Project\SoloDLL_Sim\SoloDLL_Sim.cpp(579,1): warning C4273:  '_GetUartBaudrate': inconsistent dll linkage
E:\Rayatin\SOLO\VS Project\SoloDLL_Sim\SoloDLL_Sim.h(202,24): message :  see previous definition of '_GetUartBaudrate'
E:\Rayatin\SOLO\VS Project\SoloDLL_Sim\SoloDLL_Sim.cpp(584,1): warning C4273:  '_GetSpeedAccelerationValue': inconsistent dll linkage
E:\Rayatin\SOLO\VS Project\SoloDLL_Sim\SoloDLL_Sim.h(204,24): message :  see previous definition of '_GetSpeedAccelerationValue'
E:\Rayatin\SOLO\VS Project\SoloDLL_Sim\SoloDLL_Sim.cpp(589,1): warning C4273:  '_GetSpeedDecelerationValue': inconsistent dll linkage
E:\Rayatin\SOLO\VS Project\SoloDLL_Sim\SoloDLL_Sim.h(206,24): message :  see previous definition of '_GetSpeedDecelerationValue'
E:\Rayatin\SOLO\VS Project\SoloDLL_Sim\SoloDLL_Sim.cpp(594,1): warning C4273:  '_GetEncoderIndexCounts': inconsistent dll linkage
E:\Rayatin\SOLO\VS Project\SoloDLL_Sim\SoloDLL_Sim.h(208,24): message :  see previous definition of '_GetEncoderIndexCounts'
E:\Rayatin\SOLO\VS Project\SoloDLL_Sim\SoloDLL_Sim.cpp(599,1): warning C4273:  '_serialIsWorking': inconsistent dll linkage
E:\Rayatin\SOLO\VS Project\SoloDLL_Sim\SoloDLL_Sim.h(210,23): message :  see previous definition of '_serialIsWorking'
     Creating library E:\Rayatin\SOLO\VS Project\SoloDLL_Sim\x64\Release\SoloDLL_Sim.lib and object E:\Rayatin\SOLO\VS Project\SoloDLL_Sim\x64\Release\SoloDLL_Sim.exp
  Generating code
  Previous IPDB not found, fall back to full compilation.
  All 208 functions were compiled because no usable IPDB/IOBJ from previous compilation was found.
  Finished generating code
  SoloDLL_Sim.vcxproj -> E:\Rayatin\SOLO\VS Project\SoloDLL_Sim\x64\Release\SoloDLL_Sim.dll
